<?xml version="1.0" encoding="UTF-8"?>
<testsuite name="com.example.project.TestWordPair" tests="2" skipped="0" failures="0" errors="0" timestamp="2025-02-27T01:45:58" hostname="codespaces-3b4c6d" time="0.091">
  <properties/>
  <testcase name="testPARTA()" classname="com.example.project.TestWordPair" time="0.066"/>
  <testcase name="testPARTB()" classname="com.example.project.TestWordPair" time="0.017"/>
  <system-out><![CDATA[]]></system-out>
  <system-err><![CDATA[]]></system-err>
</testsuite>
