<?xml version="1.0" encoding="UTF-8"?>
<testsuite name="com.example.project.TestAirport" tests="3" skipped="0" failures="0" errors="0" timestamp="2025-02-27T01:45:57" hostname="codespaces-3b4c6d" time="0.148">
  <properties/>
  <testcase name="testUpdateAllFlights()" classname="com.example.project.TestAirport" time="0.087"/>
  <testcase name="testRevenuePARTA()" classname="com.example.project.TestAirport" time="0.014"/>
  <testcase name="testUpdateFlightsPARTB()" classname="com.example.project.TestAirport" time="0.015"/>
  <system-out><![CDATA[]]></system-out>
  <system-err><![CDATA[]]></system-err>
</testsuite>
